# JRE version: OpenJDK Runtime Environment Temurin-17.0.6+10 (17.0.6+10) (build 17.0.6+10)
# Java VM: OpenJDK 64-Bit Server VM Temurin-17.0.6+10 (17.0.6+10, mixed mode, tiered, compressed oops, compressed class ptrs, g1 gc, windows-amd64)
GC Precious Log:
 CPUs: 8 total, 8 available
 Memory: 7502M
 Large Page Support: Disabled
 NUMA Support: Disabled
 Compressed Oops: Enabled (32-bit)
 Heap Region Size: 1M
 Heap Min Capacity: 8M
 Heap Initial Capacity: 118M
 Heap Max Capacity: 1876M
 Pre-touch: Disabled
 Parallel Workers: 8
 Concurrent Workers: 2
 Concurrent Refinement Workers: 8
 Periodic GC: Disabled
Heap:
 garbage-first heap   total 34816K, used 12820K [0x000000008ac00000, 0x0000000100000000)
  region size 1024K, 3 young (3072K), 1 survivors (1024K)
 Metaspace       used 30573K, committed 30912K, reserved 1081344K
  class space    used 3506K, committed 3648K, reserved 1048576K
GC Heap History (10 events):
Event: 1.153 GC heap before
{Heap before GC invocations=0 (full 0):
 garbage-first heap   total 120832K, used 22528K [0x000000008ac00000, 0x0000000100000000)
  region size 1024K, 23 young (23552K), 0 survivors (0K)
 Metaspace       used 12929K, committed 13056K, reserved 1064960K
  class space    used 1329K, committed 1408K, reserved 1048576K
}
Event: 1.160 GC heap after
{Heap after GC invocations=1 (full 0):
 garbage-first heap   total 120832K, used 6361K [0x000000008ac00000, 0x0000000100000000)
  region size 1024K, 3 young (3072K), 3 survivors (3072K)
 Metaspace       used 12929K, committed 13056K, reserved 1064960K
  class space    used 1329K, committed 1408K, reserved 1048576K
}
Event: 1.959 GC heap before
{Heap before GC invocations=1 (full 0):
 garbage-first heap   total 120832K, used 24793K [0x000000008ac00000, 0x0000000100000000)
  region size 1024K, 22 young (22528K), 3 survivors (3072K)
 Metaspace       used 21241K, committed 21504K, reserved 1073152K
  class space    used 2333K, committed 2496K, reserved 1048576K
}
Event: 1.965 GC heap after
{Heap after GC invocations=2 (full 0):
 garbage-first heap   total 120832K, used 8346K [0x000000008ac00000, 0x0000000100000000)
  region size 1024K, 2 young (2048K), 2 survivors (2048K)
 Metaspace       used 21241K, committed 21504K, reserved 1073152K
  class space    used 2333K, committed 2496K, reserved 1048576K
}
Event: 3.217 GC heap before
{Heap before GC invocations=3 (full 0):
 garbage-first heap   total 34816K, used 25754K [0x000000008ac00000, 0x0000000100000000)
  region size 1024K, 20 young (20480K), 2 survivors (2048K)
 Metaspace       used 27657K, committed 27968K, reserved 1081344K
  class space    used 3127K, committed 3264K, reserved 1048576K
}
Event: 3.224 GC heap after
{Heap after GC invocations=4 (full 0):
 garbage-first heap   total 34816K, used 11066K [0x000000008ac00000, 0x0000000100000000)
  region size 1024K, 3 young (3072K), 3 survivors (3072K)
 Metaspace       used 27657K, committed 27968K, reserved 1081344K
  class space    used 3127K, committed 3264K, reserved 1048576K
}
Event: 3.243 GC heap before
{Heap before GC invocations=4 (full 0):
 garbage-first heap   total 34816K, used 11066K [0x000000008ac00000, 0x0000000100000000)
  region size 1024K, 4 young (4096K), 3 survivors (3072K)
 Metaspace       used 27934K, committed 28288K, reserved 1081344K
  class space    used 3154K, committed 3328K, reserved 1048576K
}
Event: 3.246 GC heap after
{Heap after GC invocations=5 (full 0):
 garbage-first heap   total 34816K, used 11292K [0x000000008ac00000, 0x0000000100000000)
  region size 1024K, 1 young (1024K), 1 survivors (1024K)
 Metaspace       used 27934K, committed 28288K, reserved 1081344K
  class space    used 3154K, committed 3328K, reserved 1048576K
}
Event: 26.193 GC heap before
{Heap before GC invocations=5 (full 0):
 garbage-first heap   total 34816K, used 22556K [0x000000008ac00000, 0x0000000100000000)
  region size 1024K, 13 young (13312K), 1 survivors (1024K)
 Metaspace       used 30239K, committed 30592K, reserved 1081344K
  class space    used 3474K, committed 3648K, reserved 1048576K
}
Event: 26.197 GC heap after
{Heap after GC invocations=6 (full 0):
 garbage-first heap   total 34816K, used 11796K [0x000000008ac00000, 0x0000000100000000)
  region size 1024K, 1 young (1024K), 1 survivors (1024K)
 Metaspace       used 30239K, committed 30592K, reserved 1081344K
  class space    used 3474K, committed 3648K, reserved 1048576K
}

