<?xml version="1.0" encoding="UTF-8"?>
<!-- Generated by org.testng.reporters.JUnitXMLReporter -->
<testsuite ignored="0" hostname="LAPTOP-JJ6NIKT4" failures="0" tests="3" name="Default test" time="49.127" errors="0" timestamp="2025-04-23T14:07:19 IST">
  <testcase classname="groups.Tc001" name="login_fb" time="49.061"/>
  <testcase classname="groups.Tc001" name="login_twitter" time="0.001"/>
  <testcase classname="groups.Tc001" name="login_watsup" time="0.002"/>
</testsuite> <!-- Default test -->
