<?xml version="1.0" encoding="UTF-8"?>
<!-- Generated by org.testng.reporters.JUnitXMLReporter -->
<testsuite ignored="3" hostname="LAPTOP-JJ6NIKT4" failures="0" tests="6" name="Test" time="0.09" errors="0" timestamp="2025-04-23T14:25:56 IST">
  <testcase classname="groups.Tc001" name="login_fb" time="0.009"/>
  <testcase classname="groups.Tc001" name="login_twitter" time="0.003"/>
  <testcase classname="groups.Tc002" name="register_fb" time="0.003"/>
  <testcase classname="groups.Tc002" name="register_twiter" time="0.001"/>
  <testcase classname="groups.Tc003" name="logout_fb" time="0.001"/>
  <testcase classname="groups.Tc003" name="lagout_twiter" time="0.001"/>
  <testcase classname="groups.Tc003" name="lagout_watsup" time="0.0">
    <ignored/>
  </testcase> <!-- lagout_watsup -->
  <testcase classname="groups.Tc002" name="register_watsup" time="0.0">
    <ignored/>
  </testcase> <!-- register_watsup -->
  <testcase classname="groups.Tc001" name="login_watsup" time="0.0">
    <ignored/>
  </testcase> <!-- login_watsup -->
</testsuite> <!-- Test -->
