<?xml version="1.0" encoding="UTF-8"?>
<testng-results ignored="0" total="2" passed="2" failed="0" skipped="0">
  <reporter-output>
  </reporter-output>
  <suite started-at="2024-10-07T12:38:50 IST" name="Suite" finished-at="2024-10-07T12:39:47 IST" duration-ms="56990">
    <groups>
    </groups>
    <test started-at="2024-10-07T12:38:50 IST" name="Test" finished-at="2024-10-07T12:39:47 IST" duration-ms="56990">
      <class name="testCases.Tc002searchitem">
        <test-method is-config="true" signature="lunch()[pri:0, instance:testCases.Tc002searchitem@70f02c32]" started-at="2024-10-07T12:39:03 IST" name="lunch" finished-at="2024-10-07T12:39:07 IST" duration-ms="4018" status="PASS">
          <reporter-output>
          </reporter-output>
        </test-method> <!-- lunch -->
        <test-method signature="serchitem()[pri:0, instance:testCases.Tc002searchitem@70f02c32]" started-at="2024-10-07T12:39:07 IST" name="serchitem" finished-at="2024-10-07T12:39:47 IST" duration-ms="40071" status="PASS">
          <reporter-output>
          </reporter-output>
        </test-method> <!-- serchitem -->
        <test-method is-config="true" signature="quite()[pri:0, instance:testCases.Tc002searchitem@70f02c32]" started-at="2024-10-07T12:39:47 IST" name="quite" finished-at="2024-10-07T12:39:47 IST" duration-ms="399" status="PASS">
          <reporter-output>
          </reporter-output>
        </test-method> <!-- quite -->
      </class> <!-- testCases.Tc002searchitem -->
      <class name="testCases.Tc001_login">
        <test-method is-config="true" signature="lunch()[pri:0, instance:testCases.Tc001_login@481ba2cf]" started-at="2024-10-07T12:38:51 IST" name="lunch" finished-at="2024-10-07T12:38:59 IST" duration-ms="8114" status="PASS">
          <reporter-output>
          </reporter-output>
        </test-method> <!-- lunch -->
        <test-method signature="logintest()[pri:0, instance:testCases.Tc001_login@481ba2cf]" started-at="2024-10-07T12:38:59 IST" name="logintest" finished-at="2024-10-07T12:39:03 IST" duration-ms="4049" status="PASS">
          <reporter-output>
          </reporter-output>
        </test-method> <!-- logintest -->
        <test-method is-config="true" signature="quite()[pri:0, instance:testCases.Tc001_login@481ba2cf]" started-at="2024-10-07T12:39:03 IST" name="quite" finished-at="2024-10-07T12:39:03 IST" duration-ms="280" status="PASS">
          <reporter-output>
          </reporter-output>
        </test-method> <!-- quite -->
      </class> <!-- testCases.Tc001_login -->
    </test> <!-- Test -->
  </suite> <!-- Suite -->
</testng-results>
