<?xml version="1.0" encoding="UTF-8"?>
<testng-results ignored="0" total="6" passed="6" failed="0" skipped="0">
  <reporter-output>
  </reporter-output>
  <suite started-at="2025-04-23T14:25:56 IST" name="Suite" finished-at="2025-04-23T14:25:56 IST" duration-ms="90">
    <groups>
      <group name="regression">
        <method signature="Tc001.login_twitter()[pri:2, instance:groups.Tc001@2bd2b28e]" name="login_twitter" class="groups.Tc001"/>
        <method signature="Tc002.register_twiter()[pri:2, instance:groups.Tc002@65b3a85a]" name="register_twiter" class="groups.Tc002"/>
        <method signature="Tc003.lagout_twiter()[pri:2, instance:groups.Tc003@34997338]" name="lagout_twiter" class="groups.Tc003"/>
      </group> <!-- regression -->
      <group name="sanity">
        <method signature="Tc001.login_fb()[pri:1, instance:groups.Tc001@2bd2b28e]" name="login_fb" class="groups.Tc001"/>
        <method signature="Tc002.register_fb()[pri:1, instance:groups.Tc002@65b3a85a]" name="register_fb" class="groups.Tc002"/>
        <method signature="Tc003.logout_fb()[pri:1, instance:groups.Tc003@34997338]" name="logout_fb" class="groups.Tc003"/>
      </group> <!-- sanity -->
    </groups>
    <test started-at="2025-04-23T14:25:56 IST" name="Test" finished-at="2025-04-23T14:25:56 IST" duration-ms="90">
      <class name="groups.Tc001">
        <test-method signature="login_fb()[pri:1, instance:groups.Tc001@2bd2b28e]" started-at="2025-04-23T14:25:56 IST" name="login_fb" finished-at="2025-04-23T14:25:56 IST" duration-ms="9" status="PASS">
          <reporter-output>
          </reporter-output>
        </test-method> <!-- login_fb -->
        <test-method signature="login_twitter()[pri:2, instance:groups.Tc001@2bd2b28e]" started-at="2025-04-23T14:25:56 IST" name="login_twitter" finished-at="2025-04-23T14:25:56 IST" duration-ms="3" status="PASS">
          <reporter-output>
          </reporter-output>
        </test-method> <!-- login_twitter -->
      </class> <!-- groups.Tc001 -->
      <class name="groups.Tc002">
        <test-method signature="register_fb()[pri:1, instance:groups.Tc002@65b3a85a]" started-at="2025-04-23T14:25:56 IST" name="register_fb" finished-at="2025-04-23T14:25:56 IST" duration-ms="3" status="PASS">
          <reporter-output>
          </reporter-output>
        </test-method> <!-- register_fb -->
        <test-method signature="register_twiter()[pri:2, instance:groups.Tc002@65b3a85a]" started-at="2025-04-23T14:25:56 IST" name="register_twiter" finished-at="2025-04-23T14:25:56 IST" duration-ms="1" status="PASS">
          <reporter-output>
          </reporter-output>
        </test-method> <!-- register_twiter -->
      </class> <!-- groups.Tc002 -->
      <class name="groups.Tc003">
        <test-method signature="logout_fb()[pri:1, instance:groups.Tc003@34997338]" started-at="2025-04-23T14:25:56 IST" name="logout_fb" finished-at="2025-04-23T14:25:56 IST" duration-ms="1" status="PASS">
          <reporter-output>
          </reporter-output>
        </test-method> <!-- logout_fb -->
        <test-method signature="lagout_twiter()[pri:2, instance:groups.Tc003@34997338]" started-at="2025-04-23T14:25:56 IST" name="lagout_twiter" finished-at="2025-04-23T14:25:56 IST" duration-ms="1" status="PASS">
          <reporter-output>
          </reporter-output>
        </test-method> <!-- lagout_twiter -->
      </class> <!-- groups.Tc003 -->
    </test> <!-- Test -->
  </suite> <!-- Suite -->
</testng-results>
