<?xml version="1.0" encoding="UTF-8"?>
<testng-results ignored="0" total="2" passed="2" failed="0" skipped="0">
  <reporter-output>
  </reporter-output>
  <suite started-at="2024-10-08T12:16:50 IST" name="Suite" finished-at="2024-10-08T12:17:36 IST" duration-ms="46597">
    <groups>
    </groups>
    <test started-at="2024-10-08T12:16:50 IST" name="Test" finished-at="2024-10-08T12:17:36 IST" duration-ms="46597">
      <class name="testCases.Tc002searchitem">
        <test-method is-config="true" signature="lunch()[pri:0, instance:testCases.Tc002searchitem@726e5805]" started-at="2024-10-08T12:17:01 IST" name="lunch" finished-at="2024-10-08T12:17:07 IST" duration-ms="5901" status="PASS">
          <reporter-output>
          </reporter-output>
        </test-method> <!-- lunch -->
        <test-method signature="serchitem()[pri:0, instance:testCases.Tc002searchitem@726e5805]" started-at="2024-10-08T12:17:07 IST" name="serchitem" finished-at="2024-10-08T12:17:36 IST" duration-ms="29069" status="PASS">
          <reporter-output>
          </reporter-output>
        </test-method> <!-- serchitem -->
        <test-method is-config="true" signature="quite()[pri:0, instance:testCases.Tc002searchitem@726e5805]" started-at="2024-10-08T12:17:36 IST" name="quite" finished-at="2024-10-08T12:17:36 IST" duration-ms="644" status="PASS">
          <reporter-output>
          </reporter-output>
        </test-method> <!-- quite -->
      </class> <!-- testCases.Tc002searchitem -->
      <class name="testCases.Tc001_login">
        <test-method is-config="true" signature="lunch()[pri:0, instance:testCases.Tc001_login@2cae1042]" started-at="2024-10-08T12:16:50 IST" name="lunch" finished-at="2024-10-08T12:16:55 IST" duration-ms="5461" status="PASS">
          <reporter-output>
          </reporter-output>
        </test-method> <!-- lunch -->
        <test-method signature="logintest()[pri:0, instance:testCases.Tc001_login@2cae1042]" started-at="2024-10-08T12:16:55 IST" name="logintest" finished-at="2024-10-08T12:17:00 IST" duration-ms="4989" status="PASS">
          <reporter-output>
          </reporter-output>
        </test-method> <!-- logintest -->
        <test-method is-config="true" signature="quite()[pri:0, instance:testCases.Tc001_login@2cae1042]" started-at="2024-10-08T12:17:00 IST" name="quite" finished-at="2024-10-08T12:17:01 IST" duration-ms="455" status="PASS">
          <reporter-output>
          </reporter-output>
        </test-method> <!-- quite -->
      </class> <!-- testCases.Tc001_login -->
    </test> <!-- Test -->
  </suite> <!-- Suite -->
</testng-results>
