<?xml version="1.0" encoding="UTF-8"?>
<!-- Generated by org.testng.reporters.JUnitReportReporter -->
<testsuite hostname="LAPTOP-JJ6NIKT4" failures="0" tests="4" name="newpack.class1" time="0.007" errors="0" timestamp="2025-03-13T08:41:27 IST" skipped="0">
  <testcase classname="newpack.class1" name="m4" time="0.001"/>
  <testcase classname="newpack.class1" name="m4" time="0.003"/>
  <testcase classname="newpack.class1" name="m2" time="0.002"/>
  <testcase classname="newpack.class1" name="m2" time="0.001"/>
</testsuite> <!-- newpack.class1 -->
