<?xml version="1.0" encoding="UTF-8"?>
<!-- Generated by org.testng.reporters.JUnitReportReporter -->
<testsuite hostname="LAPTOP-JJ6NIKT4" failures="0" tests="9" name="newpack.parallel" time="0.225" errors="0" timestamp="2025-03-13T18:11:56 IST" skipped="0">
  <testcase classname="newpack.parallel" name="checkdisplay" time="0.065"/>
  <testcase classname="newpack.parallel" name="checktittle" time="0.017"/>
  <testcase classname="newpack.parallel" name="checkurl" time="0.023"/>
  <testcase classname="newpack.parallel" name="checkurl" time="0.011"/>
  <testcase classname="newpack.parallel" name="checkdisplay" time="0.033"/>
  <testcase classname="newpack.parallel" name="checktittle" time="0.014"/>
  <testcase classname="newpack.parallel" name="checkdisplay" time="0.031"/>
  <testcase classname="newpack.parallel" name="checktittle" time="0.016"/>
  <testcase classname="newpack.parallel" name="checkurl" time="0.015"/>
</testsuite> <!-- newpack.parallel -->
